<?xml version="1.0" encoding="UTF-8"?>
<testsuite name="com.test.Sorting.HeapSortTest" tests="1" skipped="0" failures="0" errors="0" timestamp="2021-07-17T05:21:33" hostname="david-Laptop" time="0.069">
  <properties/>
  <testcase name="heapSort" classname="com.test.Sorting.HeapSortTest" time="0.069"/>
  <system-out><![CDATA[60 60 28 16 49 90 17 57 14 21 22 97 49 41 62 49 71 91 63 30 
14 16 17 21 22 28 30 41 49 49 49 57 60 60 62 63 71 90 91 97 
14 16 17 21 22 28 30 41 49 49 49 57 60 60 62 63 71 90 91 97 
]]></system-out>
  <system-err><![CDATA[]]></system-err>
</testsuite>
