<?xml version="1.0" encoding="UTF-8"?>
<testsuite name="com.test.Recursive.NQueenTest" tests="1" skipped="0" failures="0" errors="0" timestamp="2021-07-14T10:58:33" hostname="david-Laptop" time="8.869">
  <properties/>
  <testcase name="nQueen" classname="com.test.Recursive.NQueenTest" time="8.869"/>
  <system-out><![CDATA[]]></system-out>
  <system-err><![CDATA[]]></system-err>
</testsuite>
