<?xml version="1.0" encoding="UTF-8"?>
<testsuite name="com.test.Sorting.MergeSortTest" tests="1" skipped="0" failures="0" errors="0" timestamp="2021-07-16T12:18:59" hostname="david-Laptop" time="0.059">
  <properties/>
  <testcase name="mergeSort" classname="com.test.Sorting.MergeSortTest" time="0.059"/>
  <system-out><![CDATA[67 92 74 6 30 77 38 36 81 45 68 12 95 13 7 82 90 98 54 67 
6 7 12 13 30 36 38 45 54 67 67 68 74 77 81 82 90 92 95 98 
6 7 12 13 30 36 38 45 54 67 67 68 74 77 81 82 90 92 95 98 
]]></system-out>
  <system-err><![CDATA[]]></system-err>
</testsuite>
