<?xml version="1.0" encoding="UTF-8"?>
<testsuite name="com.test.Sorting.QuickSortTest" tests="1" skipped="0" failures="0" errors="0" timestamp="2021-07-17T06:48:11" hostname="david-Laptop" time="0.001">
  <properties/>
  <testcase name="quickSort" classname="com.test.Sorting.QuickSortTest" time="0.001"/>
  <system-out><![CDATA[81 10 70 52 30 71 31 35 78 95 55 79 37 77 52 65 93 41 79 6 
6 10 30 31 35 37 41 52 52 55 65 70 71 77 78 79 79 81 93 95 
6 10 30 31 35 37 41 52 52 55 65 70 71 77 78 79 79 81 93 95 
]]></system-out>
  <system-err><![CDATA[]]></system-err>
</testsuite>
