<?xml version="1.0" encoding="UTF-8"?>
<testsuite name="com.test.BinarySearch.BinarySearchTest" tests="1" skipped="0" failures="0" errors="0" timestamp="2021-07-11T15:09:48" hostname="david-desktop" time="0.032">
  <properties/>
  <testcase name="binarySearch" classname="com.test.BinarySearch.BinarySearchTest" time="0.032"/>
  <system-out><![CDATA[]]></system-out>
  <system-err><![CDATA[]]></system-err>
</testsuite>
