<?xml version="1.0" encoding="UTF-8"?>
<testsuite name="com.test.Sorting.HeapSortTest" tests="1" skipped="0" failures="0" errors="0" timestamp="2021-07-17T06:48:11" hostname="david-Laptop" time="0.056">
  <properties/>
  <testcase name="heapSort" classname="com.test.Sorting.HeapSortTest" time="0.056"/>
  <system-out><![CDATA[8 90 25 3 74 94 50 93 35 36 35 24 55 50 57 21 88 94 56 38 
3 8 21 24 25 35 35 36 38 50 50 55 56 57 74 88 90 93 94 94 
3 8 21 24 25 35 35 36 38 50 50 55 56 57 74 88 90 93 94 94 
]]></system-out>
  <system-err><![CDATA[]]></system-err>
</testsuite>
