<?xml version="1.0" encoding="UTF-8"?>
<testsuite name="com.test.Sorting.InsertionSortTest" tests="1" skipped="0" failures="0" errors="0" timestamp="2021-07-17T06:48:11" hostname="david-Laptop" time="0.004">
  <properties/>
  <testcase name="insertionSort" classname="com.test.Sorting.InsertionSortTest" time="0.004"/>
  <system-out><![CDATA[15 13 43 62 31 81 4 23 7 28 1 52 0 67 33 31 87 88 20 89 

0 1 4 7 13 15 20 23 28 31 31 33 43 52 62 67 81 87 88 89 

0 1 4 7 13 15 20 23 28 31 31 33 43 52 62 67 81 87 88 89 

]]></system-out>
  <system-err><![CDATA[]]></system-err>
</testsuite>
