<?xml version="1.0" encoding="UTF-8"?>
<testsuite name="com.test.Sorting.HeapSortTest" tests="1" skipped="0" failures="0" errors="0" timestamp="2021-07-17T05:26:54" hostname="david-Laptop" time="0.048">
  <properties/>
  <testcase name="heapSort" classname="com.test.Sorting.HeapSortTest" time="0.048"/>
  <system-out><![CDATA[19 35 2 35 22 86 91 4 26 41 9 2 71 94 3 19 41 88 80 25 
2 2 3 4 9 19 19 22 25 26 35 35 41 41 71 80 86 88 91 94 
2 2 3 4 9 19 19 22 25 26 35 35 41 41 71 80 86 88 91 94 
]]></system-out>
  <system-err><![CDATA[]]></system-err>
</testsuite>
