<?xml version="1.0" encoding="UTF-8"?>
<testsuite name="com.test.StackQueue.QueueTest" tests="1" skipped="0" failures="0" errors="0" timestamp="2021-07-13T09:16:53" hostname="david-Laptop" time="0.047">
  <properties/>
  <testcase name="dump" classname="com.test.StackQueue.QueueTest" time="0.047"/>
  <system-out><![CDATA[]]></system-out>
  <system-err><![CDATA[]]></system-err>
</testsuite>
