<?xml version="1.0" encoding="UTF-8"?>
<testsuite name="com.test.Sorting.CountingSortTest" tests="1" skipped="0" failures="0" errors="0" timestamp="2021-07-17T06:48:11" hostname="david-Laptop" time="0.004">
  <properties/>
  <testcase name="countingSort" classname="com.test.Sorting.CountingSortTest" time="0.004"/>
  <system-out><![CDATA[47 54 98 89 81 10 10 98 98 15 10 57 75 87 71 99 0 95 39 75 
0 10 10 10 15 39 47 54 57 71 75 75 81 87 89 95 98 98 98 99 
0 10 10 10 15 39 47 54 57 71 75 75 81 87 89 95 98 98 98 99 
]]></system-out>
  <system-err><![CDATA[]]></system-err>
</testsuite>
